[15:44:10] [Server thread/INFO]: Starting minecraft server version 1.8.8
[15:44:10] [Server thread/INFO]: Loading properties
[15:44:10] [Server thread/INFO]: Default game type: SURVIVAL
[15:44:10] [Server thread/INFO]: This server is running CraftBukkit version git-PaperSpigot-445 (MC: 1.8.8) (Implementing API version 1.8.8-R0.1-SNAPSHOT)
[15:44:10] [Server thread/INFO]: Debug logging is disabled
[15:44:10] [Server thread/INFO]: Spigot Timings: true - Verbose: true - Interval: 5m - Length: 60m
[15:44:10] [Server thread/INFO]: Server Ping Player Sample Count: 12
[15:44:10] [Server thread/INFO]: Using 4 threads for Netty based IO
[15:44:10] [Server thread/INFO]: Data value allowed items: 
[15:44:10] [Server thread/INFO]: Generating keypair
[15:44:10] [Server thread/INFO]: Starting Minecraft server on localhost:25565
[15:44:10] [Server thread/INFO]: Your platform does not provide complete low-level API for accessing direct buffers reliably. Unless explicitly requested, heap buffer will always be preferred to avoid potential system unstability.
[15:44:10] [Server thread/INFO]: Using default channel type
[15:44:10] [Server thread/INFO]: Set PluginClassLoader as parallel capable
[15:44:11] [Server thread/INFO]: [SimpleTpa] Loading SimpleTpa v6.4
[15:44:11] [Server thread/INFO]: [SimpleHomes] Loading SimpleHomes v2.2
[15:44:11] [Server thread/INFO]: [WorldEdit] Loading WorldEdit v6.1;no_git_id
[15:44:11] [Server thread/INFO]: [LoginSecurity] Loading LoginSecurity v3.2.0
[15:44:11] [Server thread/WARN]: **** SERVER IS RUNNING IN OFFLINE/INSECURE MODE!
[15:44:11] [Server thread/WARN]: The server will make no attempt to authenticate usernames. Beware.
[15:44:11] [Server thread/WARN]: Whilst this makes it possible to use BungeeCord, unless access to your server is properly restricted, it also opens up the ability for hackers to connect with any username they choose.
[15:44:11] [Server thread/WARN]: Please see http://www.spigotmc.org/wiki/firewall-guide/ for further information.
[15:44:11] [Server thread/WARN]: To change this, set "online-mode" to "true" in the server.properties file.
[15:44:11] [Server thread/INFO]: **** Beginning UUID conversion, this may take A LONG time ****
[15:44:11] [Server thread/INFO]: Preparing level "world"
[15:44:11] [Server thread/INFO]: -------- World Settings For [world] --------
[15:44:11] [Server thread/INFO]: Cactus Growth Modifier: 100%
[15:44:11] [Server thread/INFO]: Cane Growth Modifier: 100%
[15:44:11] [Server thread/INFO]: Melon Growth Modifier: 100%
[15:44:11] [Server thread/INFO]: Mushroom Growth Modifier: 100%
[15:44:11] [Server thread/INFO]: Pumpkin Growth Modifier: 100%
[15:44:11] [Server thread/INFO]: Sapling Growth Modifier: 100%
[15:44:11] [Server thread/INFO]: Wheat Growth Modifier: 100%
[15:44:11] [Server thread/INFO]: NetherWart Growth Modifier: 100%
[15:44:11] [Server thread/INFO]: Entity Activation Range: An 32 / Mo 32 / Mi 16
[15:44:11] [Server thread/INFO]: Entity Tracking Range: Pl 48 / An 48 / Mo 48 / Mi 32 / Other 64
[15:44:11] [Server thread/INFO]: Hopper Transfer: 8 Hopper Check: 8 Hopper Amount: 1
[15:44:11] [Server thread/INFO]: Random Lighting Updates: false
[15:44:11] [Server thread/INFO]: Structure Info Saving: true
[15:44:11] [Server thread/INFO]: Sending up to 10 chunks per packet
[15:44:11] [Server thread/INFO]: Max Entity Collisions: 8
[15:44:11] [Server thread/INFO]: Custom Map Seeds:  Village: 10387312 Feature: 14357617
[15:44:11] [Server thread/INFO]: Max TNT Explosions: 100
[15:44:11] [Server thread/INFO]: Tile Max Tick Time: 50ms Entity max Tick Time: 50ms
[15:44:11] [Server thread/INFO]: Mob Spawn Range: 4
[15:44:11] [Server thread/INFO]: Anti X-Ray: true
[15:44:11] [Server thread/INFO]: 	Engine Mode: 1
[15:44:11] [Server thread/INFO]: 	Hidden Blocks: [14, 15, 16, 21, 48, 49, 54, 56, 73, 74, 82, 129, 130]
[15:44:11] [Server thread/INFO]: 	Replace Blocks: [1, 5]
[15:44:11] [Server thread/INFO]: Nerfing mobs spawned from spawners: false
[15:44:11] [Server thread/INFO]: Item Despawn Rate: 6000
[15:44:11] [Server thread/INFO]: Item Merge Radius: 2.5
[15:44:11] [Server thread/INFO]: Arrow Despawn Rate: 1200
[15:44:11] [Server thread/INFO]: Allow Zombie Pigmen to spawn from portal blocks: true
[15:44:11] [Server thread/INFO]: View Distance: 4
[15:44:11] [Server thread/INFO]: Zombie Aggressive Towards Villager: true
[15:44:11] [Server thread/INFO]: Chunks to Grow per Tick: 650
[15:44:11] [Server thread/INFO]: Clear tick list: false
[15:44:11] [Server thread/INFO]: Experience Merge Radius: 3.0
[15:44:11] [Server thread/INFO]: -------- World Settings For [world] --------
[15:44:11] [Server thread/INFO]: Remove invalid mob spawner tile entities: true
[15:44:11] [Server thread/INFO]: Squids will spawn between Y: 45.0 and Y: 63.0
[15:44:11] [Server thread/INFO]: Player blocking damage multiplier set to 0.5
[15:44:11] [Server thread/INFO]: Max height for cactus growth 3. Max height for reed growth 3
[15:44:11] [Server thread/INFO]: Living Entity Despawn Ranges:  Soft: 32 Hard: 128
[15:44:11] [Server thread/INFO]: Water over lava flow speed: 5
[15:44:11] [Server thread/INFO]: Fix TNT cannons: true
[15:44:11] [Server thread/INFO]: Allow undead horse types to be leashed: true
[15:44:11] [Server thread/INFO]: Keep spawn chunk loaded: true
[15:44:11] [Server thread/INFO]: World async lighting: true
[15:44:11] [Server thread/INFO]: WorldServer TickNextTick cap set at 10000
[15:44:11] [Server thread/INFO]: WorldServer TickNextTickList cap always processes redstone: false
[15:44:11] [Server thread/INFO]: -------- World Settings For [world_nether] --------
[15:44:11] [Server thread/INFO]: Cactus Growth Modifier: 100%
[15:44:11] [Server thread/INFO]: Cane Growth Modifier: 100%
[15:44:11] [Server thread/INFO]: Melon Growth Modifier: 100%
[15:44:11] [Server thread/INFO]: Mushroom Growth Modifier: 100%
[15:44:11] [Server thread/INFO]: Pumpkin Growth Modifier: 100%
[15:44:11] [Server thread/INFO]: Sapling Growth Modifier: 100%
[15:44:11] [Server thread/INFO]: Wheat Growth Modifier: 100%
[15:44:11] [Server thread/INFO]: NetherWart Growth Modifier: 100%
[15:44:11] [Server thread/INFO]: Entity Activation Range: An 32 / Mo 32 / Mi 16
[15:44:11] [Server thread/INFO]: Entity Tracking Range: Pl 48 / An 48 / Mo 48 / Mi 32 / Other 64
[15:44:11] [Server thread/INFO]: Hopper Transfer: 8 Hopper Check: 8 Hopper Amount: 1
[15:44:11] [Server thread/INFO]: Random Lighting Updates: false
[15:44:11] [Server thread/INFO]: Structure Info Saving: true
[15:44:11] [Server thread/INFO]: Sending up to 10 chunks per packet
[15:44:11] [Server thread/INFO]: Max Entity Collisions: 8
[15:44:11] [Server thread/INFO]: Custom Map Seeds:  Village: 10387312 Feature: 14357617
[15:44:11] [Server thread/INFO]: Max TNT Explosions: 100
[15:44:11] [Server thread/INFO]: Tile Max Tick Time: 50ms Entity max Tick Time: 50ms
[15:44:11] [Server thread/INFO]: Mob Spawn Range: 4
[15:44:11] [Server thread/INFO]: Anti X-Ray: true
[15:44:11] [Server thread/INFO]: 	Engine Mode: 1
[15:44:11] [Server thread/INFO]: 	Hidden Blocks: [14, 15, 16, 21, 48, 49, 54, 56, 73, 74, 82, 129, 130]
[15:44:11] [Server thread/INFO]: 	Replace Blocks: [1, 5]
[15:44:11] [Server thread/INFO]: Nerfing mobs spawned from spawners: false
[15:44:11] [Server thread/INFO]: Item Despawn Rate: 6000
[15:44:11] [Server thread/INFO]: Item Merge Radius: 2.5
[15:44:11] [Server thread/INFO]: Arrow Despawn Rate: 1200
[15:44:11] [Server thread/INFO]: Allow Zombie Pigmen to spawn from portal blocks: true
[15:44:11] [Server thread/INFO]: View Distance: 4
[15:44:11] [Server thread/INFO]: Zombie Aggressive Towards Villager: true
[15:44:11] [Server thread/INFO]: Chunks to Grow per Tick: 650
[15:44:11] [Server thread/INFO]: Clear tick list: false
[15:44:11] [Server thread/INFO]: Experience Merge Radius: 3.0
[15:44:11] [Server thread/INFO]: -------- World Settings For [world_nether] --------
[15:44:11] [Server thread/INFO]: Remove invalid mob spawner tile entities: true
[15:44:11] [Server thread/INFO]: Squids will spawn between Y: 45.0 and Y: 63.0
[15:44:11] [Server thread/INFO]: Player blocking damage multiplier set to 0.5
[15:44:11] [Server thread/INFO]: Max height for cactus growth 3. Max height for reed growth 3
[15:44:11] [Server thread/INFO]: Living Entity Despawn Ranges:  Soft: 32 Hard: 128
[15:44:11] [Server thread/INFO]: Water over lava flow speed: 5
[15:44:11] [Server thread/INFO]: Fix TNT cannons: true
[15:44:11] [Server thread/INFO]: Allow undead horse types to be leashed: true
[15:44:11] [Server thread/INFO]: Keep spawn chunk loaded: true
[15:44:11] [Server thread/INFO]: World async lighting: true
[15:44:11] [Server thread/INFO]: WorldServer TickNextTick cap set at 10000
[15:44:11] [Server thread/INFO]: WorldServer TickNextTickList cap always processes redstone: false
[15:44:11] [Server thread/INFO]: -------- World Settings For [world_the_end] --------
[15:44:11] [Server thread/INFO]: Cactus Growth Modifier: 100%
[15:44:11] [Server thread/INFO]: Cane Growth Modifier: 100%
[15:44:11] [Server thread/INFO]: Melon Growth Modifier: 100%
[15:44:11] [Server thread/INFO]: Mushroom Growth Modifier: 100%
[15:44:11] [Server thread/INFO]: Pumpkin Growth Modifier: 100%
[15:44:11] [Server thread/INFO]: Sapling Growth Modifier: 100%
[15:44:11] [Server thread/INFO]: Wheat Growth Modifier: 100%
[15:44:11] [Server thread/INFO]: NetherWart Growth Modifier: 100%
[15:44:11] [Server thread/INFO]: Entity Activation Range: An 32 / Mo 32 / Mi 16
[15:44:11] [Server thread/INFO]: Entity Tracking Range: Pl 48 / An 48 / Mo 48 / Mi 32 / Other 64
[15:44:11] [Server thread/INFO]: Hopper Transfer: 8 Hopper Check: 8 Hopper Amount: 1
[15:44:11] [Server thread/INFO]: Random Lighting Updates: false
[15:44:11] [Server thread/INFO]: Structure Info Saving: true
[15:44:11] [Server thread/INFO]: Sending up to 10 chunks per packet
[15:44:11] [Server thread/INFO]: Max Entity Collisions: 8
[15:44:11] [Server thread/INFO]: Custom Map Seeds:  Village: 10387312 Feature: 14357617
[15:44:11] [Server thread/INFO]: Max TNT Explosions: 100
[15:44:11] [Server thread/INFO]: Tile Max Tick Time: 50ms Entity max Tick Time: 50ms
[15:44:11] [Server thread/INFO]: Mob Spawn Range: 4
[15:44:11] [Server thread/INFO]: Anti X-Ray: true
[15:44:11] [Server thread/INFO]: 	Engine Mode: 1
[15:44:11] [Server thread/INFO]: 	Hidden Blocks: [14, 15, 16, 21, 48, 49, 54, 56, 73, 74, 82, 129, 130]
[15:44:11] [Server thread/INFO]: 	Replace Blocks: [1, 5]
[15:44:11] [Server thread/INFO]: Nerfing mobs spawned from spawners: false
[15:44:11] [Server thread/INFO]: Item Despawn Rate: 6000
[15:44:11] [Server thread/INFO]: Item Merge Radius: 2.5
[15:44:11] [Server thread/INFO]: Arrow Despawn Rate: 1200
[15:44:11] [Server thread/INFO]: Allow Zombie Pigmen to spawn from portal blocks: true
[15:44:11] [Server thread/INFO]: View Distance: 4
[15:44:11] [Server thread/INFO]: Zombie Aggressive Towards Villager: true
[15:44:11] [Server thread/INFO]: Chunks to Grow per Tick: 650
[15:44:11] [Server thread/INFO]: Clear tick list: false
[15:44:11] [Server thread/INFO]: Experience Merge Radius: 3.0
[15:44:11] [Server thread/INFO]: -------- World Settings For [world_the_end] --------
[15:44:11] [Server thread/INFO]: Remove invalid mob spawner tile entities: true
[15:44:11] [Server thread/INFO]: Squids will spawn between Y: 45.0 and Y: 63.0
[15:44:11] [Server thread/INFO]: Player blocking damage multiplier set to 0.5
[15:44:11] [Server thread/INFO]: Max height for cactus growth 3. Max height for reed growth 3
[15:44:11] [Server thread/INFO]: Living Entity Despawn Ranges:  Soft: 32 Hard: 128
[15:44:11] [Server thread/INFO]: Water over lava flow speed: 5
[15:44:11] [Server thread/INFO]: Fix TNT cannons: true
[15:44:11] [Server thread/INFO]: Allow undead horse types to be leashed: true
[15:44:11] [Server thread/INFO]: Keep spawn chunk loaded: true
[15:44:11] [Server thread/INFO]: World async lighting: true
[15:44:11] [Server thread/INFO]: WorldServer TickNextTick cap set at 10000
[15:44:11] [Server thread/INFO]: WorldServer TickNextTickList cap always processes redstone: false
[15:44:11] [Server thread/INFO]: Preparing start region for level 0 (Seed: -6205030028932917082)
[15:44:11] [Server thread/INFO]: Preparing start region for level 1 (Seed: -6205030028932917082)
[15:44:12] [Server thread/INFO]: Preparing start region for level 2 (Seed: -6205030028932917082)
[15:44:12] [Server thread/INFO]: [SimpleTpa] Enabling SimpleTpa v6.4
[15:44:12] [Server thread/INFO]: [0;33;1m[21m[SimpleTpa] If you need support contact me at https://discord.gg/SZUkza9[m
[15:44:12] [Server thread/INFO]: [0;33;1m[21m[SimpleTpa] Simple Tpa has been enabled on version 6.4[m
[15:44:12] [Server thread/INFO]: Enabled metrics. You may opt-out by changing plugins/bStats/config.yml
[15:44:12] [Server thread/INFO]: [SimpleHomes] Enabling SimpleHomes v2.2
[15:44:12] [Server thread/INFO]: [WorldEdit] Enabling WorldEdit v6.1;no_git_id
[15:44:12] [Server thread/INFO]: WEPIF: Using the Bukkit Permissions API.
[15:44:12] [Server thread/INFO]: [WorldEdit] Using com.sk89q.worldedit.bukkit.adapter.impl.Spigot_v1_8_R3 as the Bukkit adapter
[15:44:12] [Server thread/INFO]: [LoginSecurity] Enabling LoginSecurity v3.2.0
[15:44:12] [Server thread/INFO]: [LoginSecurity] Loading base translations from "en_us"
[15:44:12] [Server thread/INFO]: [LoginSecurity] Loading specified translations from "en_us"
[15:44:12] [Server thread/INFO]: [LoginSecurity] Registering commands...
[15:44:12] [Server thread/INFO]: [LoginSecurity] Registering listeners...
[15:44:12] [Server thread/INFO]: Server permissions file permissions.yml is empty, ignoring it
[15:44:12] [Server thread/INFO]: Done (1.769s)! For help, type "help" or "?"
[15:44:12] [Server thread/INFO]: Timings Reset
[15:44:13] [Craft Scheduler Thread - 0/INFO]: [0;31;1m[21m[SimpleTpa] There is a new update available.[m
[15:44:13] [Craft Scheduler Thread - 0/INFO]: [0;31;1m[SimpleTpa] There is a new update available:[m
[15:44:13] [Craft Scheduler Thread - 0/INFO]: [0;31;1m[SimpleTpa] https://www.spigotmc.org/resources/simple-tpa.64270/[m
[15:45:27] [Thread-6/INFO]: UUID of player pbk123461 is 5da52907-1aee-35ec-8327-25b862a0e33d
[15:45:27] [Server thread/INFO]: pbk123461[/192.168.177.11:38670] logged in with entity id 273 at ([world]8.37904932330341, 63.0, 135.34805983023014)
[15:45:45] [Server thread/INFO]: pbk123461 issued server command: /lac update
[15:45:45] [Craft Scheduler Thread - 1/INFO]: [LoginSecurity] Downloading file LoginSecurity-3.2.0-Bukkit (1).jar...
[15:45:45] [Craft Scheduler Thread - 1/INFO]: [LoginSecurity] Download complete!
[15:47:02] [Server thread/INFO]: pbk123461 issued server command: /help game
[15:47:17] [Server thread/INFO]: pbk123461 issued server command: /gamerule keep_inventory true
[15:47:17] [Server thread/INFO]: [pbk123461: Game rule has been updated]
[15:48:11] [Thread-7/INFO]: UUID of player DeevDeev975 is 5ec7a07e-c8eb-38b7-8589-cb4c5a01937e
[15:48:11] [Server thread/INFO]: DeevDeev975[/192.168.177.11:33088] logged in with entity id 499 at ([world]-4.5, 67.0, 234.5)
[15:48:42] [Server thread/INFO]: DeevDeev975 lost connection: Login timed out!
[15:48:42] [Server thread/INFO]: DeevDeev975 left the game.
[15:48:42] [Server thread/WARN]: handleDisconnection() called twice
[15:49:39] [Server thread/INFO]: pbk123461 lost connection: Disconnected
[15:49:39] [Server thread/INFO]: pbk123461 left the game.
